app/libs/build/intermediates/manifest_merge_blame_file/debug/manifest-merger-blame-debug-report.txt
1<?xml version="1.0" encoding="utf-8"?>
2<manifest xmlns:android="http://schemas.android.com/apk/res/android"
3    package="com.example.poms_quizlet"
4    android:versionCode="1"
5    android:versionName="1.0" >
6
7    <uses-sdk
8        android:minSdkVersion="16"
8-->src\main\AndroidManifest.xml
9        android:targetSdkVersion="30" />
9-->src\main\AndroidManifest.xml
10
11    <uses-permission android:name="android.permission.INTERNET" />
11-->src\main\AndroidManifest.xml:6:5-66
11-->src\main\AndroidManifest.xml:6:22-64
12
13    <!-- Although the *SdkVersion is captured in gradle build files, this is required for non gradle builds -->
14    <!-- <uses-sdk android:minSdkVersion="14"/> -->
15    <uses-permission android:name="android.permission.ACCESS_NETWORK_STATE" />
15-->[com.google.firebase:firebase-database:19.5.1] AndroidManifest.xml:25:5-79
15-->[com.google.firebase:firebase-database:19.5.1] AndroidManifest.xml:25:22-76
16    <uses-permission android:name="android.permission.WAKE_LOCK" />
16-->[com.google.android.gms:play-services-measurement-api:17.5.0] AndroidManifest.xml:24:5-68
16-->[com.google.android.gms:play-services-measurement-api:17.5.0] AndroidManifest.xml:24:22-65
17    <uses-permission android:name="com.google.android.finsky.permission.BIND_GET_INSTALL_REFERRER_SERVICE" /> <!-- Android package visibility setting -->
17-->[com.google.android.gms:play-services-measurement:17.5.0] AndroidManifest.xml:26:5-110
17-->[com.google.android.gms:play-services-measurement:17.5.0] AndroidManifest.xml:26:22-107
18    <queries>
18-->[com.google.android.gms:play-services-ads-lite:19.6.0] AndroidManifest.xml:27:5-38:15
19
20        <!-- For browser content -->
21        <intent>
21-->[com.google.android.gms:play-services-ads-lite:19.6.0] AndroidManifest.xml:30:9-36:18
22            <action android:name="android.intent.action.VIEW" />
22-->[com.google.android.gms:play-services-ads-lite:19.6.0] AndroidManifest.xml:31:13-65
22-->[com.google.android.gms:play-services-ads-lite:19.6.0] AndroidManifest.xml:31:21-62
23
24            <category android:name="android.intent.category.BROWSABLE" />
24-->[com.google.android.gms:play-services-ads-lite:19.6.0] AndroidManifest.xml:33:13-74
24-->[com.google.android.gms:play-services-ads-lite:19.6.0] AndroidManifest.xml:33:23-71
25
26            <data android:scheme="https" />
26-->[com.google.android.gms:play-services-ads-lite:19.6.0] AndroidManifest.xml:35:13-44
26-->[com.google.android.gms:play-services-ads-lite:19.6.0] AndroidManifest.xml:35:19-41
27        </intent>
28        <!-- End of browser content -->
29    </queries>
30
31    <uses-permission android:name="android.permission.RECEIVE_BOOT_COMPLETED" />
31-->[androidx.work:work-runtime:2.1.0] AndroidManifest.xml:27:5-81
31-->[androidx.work:work-runtime:2.1.0] AndroidManifest.xml:27:22-78
32
33    <application
33-->src\main\AndroidManifest.xml:9:5-53:19
34        android:name="androidx.multidex.MultiDexApplication"
35        android:allowBackup="true"
35-->src\main\AndroidManifest.xml:10:9-35
36        android:appComponentFactory="androidx.core.app.CoreComponentFactory"
36-->[androidx.core:core:1.3.1] AndroidManifest.xml:24:18-86
37        android:debuggable="true"
38        android:icon="@mipmap/ic_launcher"
38-->src\main\AndroidManifest.xml:11:9-43
39        android:label="@string/app_name"
39-->src\main\AndroidManifest.xml:12:9-41
40        android:roundIcon="@mipmap/ic_launcher_round"
40-->src\main\AndroidManifest.xml:13:9-54
41        android:supportsRtl="true"
41-->src\main\AndroidManifest.xml:15:9-35
42        android:testOnly="true"
43        android:theme="@style/Theme.POMS_QUIZLET" >
43-->src\main\AndroidManifest.xml:16:9-50
44        <meta-data
44-->src\main\AndroidManifest.xml:18:9-20:69
45            android:name="com.google.android.gms.ads.APPLICATION_ID"
45-->src\main\AndroidManifest.xml:19:13-69
46            android:value="ca-app-pub-3940256099942544~3347511713" />
46-->src\main\AndroidManifest.xml:20:13-67
47
48        <activity
48-->src\main\AndroidManifest.xml:22:9-28:20
49            android:name="com.example.poms_quizlet.MainActivity"
49-->src\main\AndroidManifest.xml:22:19-47
50            android:screenOrientation="portrait" >
50-->src\main\AndroidManifest.xml:22:48-84
51            <intent-filter>
51-->src\main\AndroidManifest.xml:23:13-27:29
52                <action android:name="android.intent.action.MAIN" />
52-->src\main\AndroidManifest.xml:24:17-69
52-->src\main\AndroidManifest.xml:24:25-66
53
54                <category android:name="android.intent.category.LAUNCHER" />
54-->src\main\AndroidManifest.xml:26:17-77
54-->src\main\AndroidManifest.xml:26:27-74
55            </intent-filter>
56        </activity>
57        <activity
57-->src\main\AndroidManifest.xml:30:9-34:20
58            android:name="com.example.poms_quizlet.LevelSelectionActivity"
58-->src\main\AndroidManifest.xml:30:19-57
59            android:screenOrientation="portrait" >
59-->src\main\AndroidManifest.xml:30:58-94
60            <intent-filter>
60-->src\main\AndroidManifest.xml:31:13-33:29
61                <category android:name="android.intent.category.LAUNCHER" />
61-->src\main\AndroidManifest.xml:26:17-77
61-->src\main\AndroidManifest.xml:26:27-74
62            </intent-filter>
63        </activity>
64        <activity
64-->src\main\AndroidManifest.xml:36:9-40:20
65            android:name="com.example.poms_quizlet.levels.Level1"
65-->src\main\AndroidManifest.xml:36:19-48
66            android:screenOrientation="portrait" >
66-->src\main\AndroidManifest.xml:36:49-85
67            <intent-filter>
67-->src\main\AndroidManifest.xml:31:13-33:29
68                <category android:name="android.intent.category.LAUNCHER" />
68-->src\main\AndroidManifest.xml:26:17-77
68-->src\main\AndroidManifest.xml:26:27-74
69            </intent-filter>
70        </activity>
71        <activity
71-->src\main\AndroidManifest.xml:42:9-46:20
72            android:name="com.example.poms_quizlet.levels.Level2"
72-->src\main\AndroidManifest.xml:42:19-48
73            android:screenOrientation="portrait" >
73-->src\main\AndroidManifest.xml:42:49-85
74            <intent-filter>
74-->src\main\AndroidManifest.xml:31:13-33:29
75                <category android:name="android.intent.category.LAUNCHER" />
75-->src\main\AndroidManifest.xml:26:17-77
75-->src\main\AndroidManifest.xml:26:27-74
76            </intent-filter>
77        </activity>
78        <activity
78-->src\main\AndroidManifest.xml:48:9-52:20
79            android:name="com.example.poms_quizlet.levels.Level3"
79-->src\main\AndroidManifest.xml:48:19-48
80            android:screenOrientation="portrait" >
80-->src\main\AndroidManifest.xml:48:49-85
81            <intent-filter>
81-->src\main\AndroidManifest.xml:31:13-33:29
82                <category android:name="android.intent.category.LAUNCHER" />
82-->src\main\AndroidManifest.xml:26:17-77
82-->src\main\AndroidManifest.xml:26:27-74
83            </intent-filter>
84        </activity>
85
86        <service
86-->[com.google.firebase:firebase-database:19.5.1] AndroidManifest.xml:29:9-35:19
87            android:name="com.google.firebase.components.ComponentDiscoveryService"
87-->[com.google.firebase:firebase-database:19.5.1] AndroidManifest.xml:30:13-84
88            android:directBootAware="true"
88-->[com.google.firebase:firebase-common:19.3.1] AndroidManifest.xml:35:13-43
89            android:exported="false" >
89-->[com.google.firebase:firebase-database:19.5.1] AndroidManifest.xml:31:13-37
90            <meta-data
90-->[com.google.firebase:firebase-database:19.5.1] AndroidManifest.xml:32:13-34:85
91                android:name="com.google.firebase.components:com.google.firebase.database.DatabaseRegistrar"
91-->[com.google.firebase:firebase-database:19.5.1] AndroidManifest.xml:33:17-109
92                android:value="com.google.firebase.components.ComponentRegistrar" />
92-->[com.google.firebase:firebase-database:19.5.1] AndroidManifest.xml:34:17-82
93            <meta-data
93-->[com.google.android.gms:play-services-measurement-api:17.5.0] AndroidManifest.xml:30:13-32:85
94                android:name="com.google.firebase.components:com.google.firebase.analytics.connector.internal.AnalyticsConnectorRegistrar"
94-->[com.google.android.gms:play-services-measurement-api:17.5.0] AndroidManifest.xml:31:17-139
95                android:value="com.google.firebase.components.ComponentRegistrar" />
95-->[com.google.android.gms:play-services-measurement-api:17.5.0] AndroidManifest.xml:32:17-82
96            <meta-data
96-->[com.google.firebase:firebase-installations:16.3.2] AndroidManifest.xml:17:13-19:85
97                android:name="com.google.firebase.components:com.google.firebase.installations.FirebaseInstallationsRegistrar"
97-->[com.google.firebase:firebase-installations:16.3.2] AndroidManifest.xml:18:17-127
98                android:value="com.google.firebase.components.ComponentRegistrar" />
98-->[com.google.firebase:firebase-installations:16.3.2] AndroidManifest.xml:19:17-82
99        </service>
100
101        <activity
101-->[com.google.android.gms:play-services-base:17.0.0] AndroidManifest.xml:23:9-26:75
102            android:name="com.google.android.gms.common.api.GoogleApiActivity"
102-->[com.google.android.gms:play-services-base:17.0.0] AndroidManifest.xml:24:13-79
103            android:exported="false"
103-->[com.google.android.gms:play-services-base:17.0.0] AndroidManifest.xml:25:13-37
104            android:theme="@android:style/Theme.Translucent.NoTitleBar" />
104-->[com.google.android.gms:play-services-base:17.0.0] AndroidManifest.xml:26:13-72
105
106        <provider
106-->[com.google.firebase:firebase-common:19.3.1] AndroidManifest.xml:26:9-31:39
107            android:name="com.google.firebase.provider.FirebaseInitProvider"
107-->[com.google.firebase:firebase-common:19.3.1] AndroidManifest.xml:27:13-77
108            android:authorities="com.example.poms_quizlet.firebaseinitprovider"
108-->[com.google.firebase:firebase-common:19.3.1] AndroidManifest.xml:28:13-72
109            android:directBootAware="true"
109-->[com.google.firebase:firebase-common:19.3.1] AndroidManifest.xml:29:13-43
110            android:exported="false"
110-->[com.google.firebase:firebase-common:19.3.1] AndroidManifest.xml:30:13-37
111            android:initOrder="100" />
111-->[com.google.firebase:firebase-common:19.3.1] AndroidManifest.xml:31:13-36
112
113        <receiver
113-->[com.google.android.gms:play-services-measurement:17.5.0] AndroidManifest.xml:29:9-33:20
114            android:name="com.google.android.gms.measurement.AppMeasurementReceiver"
114-->[com.google.android.gms:play-services-measurement:17.5.0] AndroidManifest.xml:30:13-85
115            android:enabled="true"
115-->[com.google.android.gms:play-services-measurement:17.5.0] AndroidManifest.xml:31:13-35
116            android:exported="false" >
116-->[com.google.android.gms:play-services-measurement:17.5.0] AndroidManifest.xml:32:13-37
117        </receiver>
118
119        <service
119-->[com.google.android.gms:play-services-measurement:17.5.0] AndroidManifest.xml:35:9-38:40
120            android:name="com.google.android.gms.measurement.AppMeasurementService"
120-->[com.google.android.gms:play-services-measurement:17.5.0] AndroidManifest.xml:36:13-84
121            android:enabled="true"
121-->[com.google.android.gms:play-services-measurement:17.5.0] AndroidManifest.xml:37:13-35
122            android:exported="false" />
122-->[com.google.android.gms:play-services-measurement:17.5.0] AndroidManifest.xml:38:13-37
123        <service
123-->[com.google.android.gms:play-services-measurement:17.5.0] AndroidManifest.xml:39:9-43:72
124            android:name="com.google.android.gms.measurement.AppMeasurementJobService"
124-->[com.google.android.gms:play-services-measurement:17.5.0] AndroidManifest.xml:40:13-87
125            android:enabled="true"
125-->[com.google.android.gms:play-services-measurement:17.5.0] AndroidManifest.xml:41:13-35
126            android:exported="false"
126-->[com.google.android.gms:play-services-measurement:17.5.0] AndroidManifest.xml:42:13-37
127            android:permission="android.permission.BIND_JOB_SERVICE" /> <!-- Include the AdActivity and InAppPurchaseActivity configChanges and themes. -->
127-->[com.google.android.gms:play-services-measurement:17.5.0] AndroidManifest.xml:43:13-69
128        <activity
128-->[com.google.android.gms:play-services-ads-lite:19.6.0] AndroidManifest.xml:43:9-47:64
129            android:name="com.google.android.gms.ads.AdActivity"
129-->[com.google.android.gms:play-services-ads-lite:19.6.0] AndroidManifest.xml:44:13-65
130            android:configChanges="keyboard|keyboardHidden|orientation|screenLayout|uiMode|screenSize|smallestScreenSize"
130-->[com.google.android.gms:play-services-ads-lite:19.6.0] AndroidManifest.xml:45:13-122
131            android:exported="false"
131-->[com.google.android.gms:play-services-ads-lite:19.6.0] AndroidManifest.xml:46:13-37
132            android:theme="@android:style/Theme.Translucent" />
132-->[com.google.android.gms:play-services-ads-lite:19.6.0] AndroidManifest.xml:47:13-61
133
134        <provider
134-->[com.google.android.gms:play-services-ads-lite:19.6.0] AndroidManifest.xml:49:9-53:39
135            android:name="com.google.android.gms.ads.MobileAdsInitProvider"
135-->[com.google.android.gms:play-services-ads-lite:19.6.0] AndroidManifest.xml:50:13-76
136            android:authorities="com.example.poms_quizlet.mobileadsinitprovider"
136-->[com.google.android.gms:play-services-ads-lite:19.6.0] AndroidManifest.xml:51:13-73
137            android:exported="false"
137-->[com.google.android.gms:play-services-ads-lite:19.6.0] AndroidManifest.xml:52:13-37
138            android:initOrder="100" />
138-->[com.google.android.gms:play-services-ads-lite:19.6.0] AndroidManifest.xml:53:13-36
139
140        <service
140-->[com.google.android.gms:play-services-ads-lite:19.6.0] AndroidManifest.xml:55:9-58:40
141            android:name="com.google.android.gms.ads.AdService"
141-->[com.google.android.gms:play-services-ads-lite:19.6.0] AndroidManifest.xml:56:13-64
142            android:enabled="true"
142-->[com.google.android.gms:play-services-ads-lite:19.6.0] AndroidManifest.xml:57:13-35
143            android:exported="false" />
143-->[com.google.android.gms:play-services-ads-lite:19.6.0] AndroidManifest.xml:58:13-37
144
145        <meta-data
145-->[com.google.android.gms:play-services-basement:17.3.0] AndroidManifest.xml:23:9-25:69
146            android:name="com.google.android.gms.version"
146-->[com.google.android.gms:play-services-basement:17.3.0] AndroidManifest.xml:24:13-58
147            android:value="@integer/google_play_services_version" />
147-->[com.google.android.gms:play-services-basement:17.3.0] AndroidManifest.xml:25:13-66
148
149        <provider
149-->[androidx.work:work-runtime:2.1.0] AndroidManifest.xml:30:9-36:35
150            android:name="androidx.work.impl.WorkManagerInitializer"
150-->[androidx.work:work-runtime:2.1.0] AndroidManifest.xml:31:13-69
151            android:authorities="com.example.poms_quizlet.workmanager-init"
151-->[androidx.work:work-runtime:2.1.0] AndroidManifest.xml:32:13-68
152            android:directBootAware="false"
152-->[androidx.work:work-runtime:2.1.0] AndroidManifest.xml:33:13-44
153            android:exported="false"
153-->[androidx.work:work-runtime:2.1.0] AndroidManifest.xml:34:13-37
154            android:multiprocess="true" />
154-->[androidx.work:work-runtime:2.1.0] AndroidManifest.xml:35:13-40
155
156        <service
156-->[androidx.work:work-runtime:2.1.0] AndroidManifest.xml:38:9-43:35
157            android:name="androidx.work.impl.background.systemalarm.SystemAlarmService"
157-->[androidx.work:work-runtime:2.1.0] AndroidManifest.xml:39:13-88
158            android:directBootAware="false"
158-->[androidx.work:work-runtime:2.1.0] AndroidManifest.xml:40:13-44
159            android:enabled="@bool/enable_system_alarm_service_default"
159-->[androidx.work:work-runtime:2.1.0] AndroidManifest.xml:41:13-72
160            android:exported="false" />
160-->[androidx.work:work-runtime:2.1.0] AndroidManifest.xml:42:13-37
161        <service
161-->[androidx.work:work-runtime:2.1.0] AndroidManifest.xml:44:9-50:35
162            android:name="androidx.work.impl.background.systemjob.SystemJobService"
162-->[androidx.work:work-runtime:2.1.0] AndroidManifest.xml:45:13-84
163            android:directBootAware="false"
163-->[androidx.work:work-runtime:2.1.0] AndroidManifest.xml:46:13-44
164            android:enabled="@bool/enable_system_job_service_default"
164-->[androidx.work:work-runtime:2.1.0] AndroidManifest.xml:47:13-70
165            android:exported="true"
165-->[androidx.work:work-runtime:2.1.0] AndroidManifest.xml:48:13-36
166            android:permission="android.permission.BIND_JOB_SERVICE" />
166-->[androidx.work:work-runtime:2.1.0] AndroidManifest.xml:49:13-69
167
168        <receiver
168-->[androidx.work:work-runtime:2.1.0] AndroidManifest.xml:52:9-57:35
169            android:name="androidx.work.impl.utils.ForceStopRunnable$BroadcastReceiver"
169-->[androidx.work:work-runtime:2.1.0] AndroidManifest.xml:53:13-88
170            android:directBootAware="false"
170-->[androidx.work:work-runtime:2.1.0] AndroidManifest.xml:54:13-44
171            android:enabled="true"
171-->[androidx.work:work-runtime:2.1.0] AndroidManifest.xml:55:13-35
172            android:exported="false" />
172-->[androidx.work:work-runtime:2.1.0] AndroidManifest.xml:56:13-37
173        <receiver
173-->[androidx.work:work-runtime:2.1.0] AndroidManifest.xml:58:9-68:20
174            android:name="androidx.work.impl.background.systemalarm.ConstraintProxy$BatteryChargingProxy"
174-->[androidx.work:work-runtime:2.1.0] AndroidManifest.xml:59:13-106
175            android:directBootAware="false"
175-->[androidx.work:work-runtime:2.1.0] AndroidManifest.xml:60:13-44
176            android:enabled="false"
176-->[androidx.work:work-runtime:2.1.0] AndroidManifest.xml:61:13-36
177            android:exported="false" >
177-->[androidx.work:work-runtime:2.1.0] AndroidManifest.xml:62:13-37
178            <intent-filter>
178-->[androidx.work:work-runtime:2.1.0] AndroidManifest.xml:64:13-67:29
179                <action android:name="android.intent.action.ACTION_POWER_CONNECTED" />
179-->[androidx.work:work-runtime:2.1.0] AndroidManifest.xml:65:17-87
179-->[androidx.work:work-runtime:2.1.0] AndroidManifest.xml:65:25-84
180                <action android:name="android.intent.action.ACTION_POWER_DISCONNECTED" />
180-->[androidx.work:work-runtime:2.1.0] AndroidManifest.xml:66:17-90
180-->[androidx.work:work-runtime:2.1.0] AndroidManifest.xml:66:25-87
181            </intent-filter>
182        </receiver>
183        <receiver
183-->[androidx.work:work-runtime:2.1.0] AndroidManifest.xml:69:9-79:20
184            android:name="androidx.work.impl.background.systemalarm.ConstraintProxy$BatteryNotLowProxy"
184-->[androidx.work:work-runtime:2.1.0] AndroidManifest.xml:70:13-104
185            android:directBootAware="false"
185-->[androidx.work:work-runtime:2.1.0] AndroidManifest.xml:71:13-44
186            android:enabled="false"
186-->[androidx.work:work-runtime:2.1.0] AndroidManifest.xml:72:13-36
187            android:exported="false" >
187-->[androidx.work:work-runtime:2.1.0] AndroidManifest.xml:73:13-37
188            <intent-filter>
188-->[androidx.work:work-runtime:2.1.0] AndroidManifest.xml:75:13-78:29
189                <action android:name="android.intent.action.BATTERY_OKAY" />
189-->[androidx.work:work-runtime:2.1.0] AndroidManifest.xml:76:17-77
189-->[androidx.work:work-runtime:2.1.0] AndroidManifest.xml:76:25-74
190                <action android:name="android.intent.action.BATTERY_LOW" />
190-->[androidx.work:work-runtime:2.1.0] AndroidManifest.xml:77:17-76
190-->[androidx.work:work-runtime:2.1.0] AndroidManifest.xml:77:25-73
191            </intent-filter>
192        </receiver>
193        <receiver
193-->[androidx.work:work-runtime:2.1.0] AndroidManifest.xml:80:9-90:20
194            android:name="androidx.work.impl.background.systemalarm.ConstraintProxy$StorageNotLowProxy"
194-->[androidx.work:work-runtime:2.1.0] AndroidManifest.xml:81:13-104
195            android:directBootAware="false"
195-->[androidx.work:work-runtime:2.1.0] AndroidManifest.xml:82:13-44
196            android:enabled="false"
196-->[androidx.work:work-runtime:2.1.0] AndroidManifest.xml:83:13-36
197            android:exported="false" >
197-->[androidx.work:work-runtime:2.1.0] AndroidManifest.xml:84:13-37
198            <intent-filter>
198-->[androidx.work:work-runtime:2.1.0] AndroidManifest.xml:86:13-89:29
199                <action android:name="android.intent.action.DEVICE_STORAGE_LOW" />
199-->[androidx.work:work-runtime:2.1.0] AndroidManifest.xml:87:17-83
199-->[androidx.work:work-runtime:2.1.0] AndroidManifest.xml:87:25-80
200                <action android:name="android.intent.action.DEVICE_STORAGE_OK" />
200-->[androidx.work:work-runtime:2.1.0] AndroidManifest.xml:88:17-82
200-->[androidx.work:work-runtime:2.1.0] AndroidManifest.xml:88:25-79
201            </intent-filter>
202        </receiver>
203        <receiver
203-->[androidx.work:work-runtime:2.1.0] AndroidManifest.xml:91:9-100:20
204            android:name="androidx.work.impl.background.systemalarm.ConstraintProxy$NetworkStateProxy"
204-->[androidx.work:work-runtime:2.1.0] AndroidManifest.xml:92:13-103
205            android:directBootAware="false"
205-->[androidx.work:work-runtime:2.1.0] AndroidManifest.xml:93:13-44
206            android:enabled="false"
206-->[androidx.work:work-runtime:2.1.0] AndroidManifest.xml:94:13-36
207            android:exported="false" >
207-->[androidx.work:work-runtime:2.1.0] AndroidManifest.xml:95:13-37
208            <intent-filter>
208-->[androidx.work:work-runtime:2.1.0] AndroidManifest.xml:97:13-99:29
209                <action android:name="android.net.conn.CONNECTIVITY_CHANGE" />
209-->[androidx.work:work-runtime:2.1.0] AndroidManifest.xml:98:17-79
209-->[androidx.work:work-runtime:2.1.0] AndroidManifest.xml:98:25-76
210            </intent-filter>
211        </receiver>
212        <receiver
212-->[androidx.work:work-runtime:2.1.0] AndroidManifest.xml:101:9-112:20
213            android:name="androidx.work.impl.background.systemalarm.RescheduleReceiver"
213-->[androidx.work:work-runtime:2.1.0] AndroidManifest.xml:102:13-88
214            android:directBootAware="false"
214-->[androidx.work:work-runtime:2.1.0] AndroidManifest.xml:103:13-44
215            android:enabled="false"
215-->[androidx.work:work-runtime:2.1.0] AndroidManifest.xml:104:13-36
216            android:exported="false" >
216-->[androidx.work:work-runtime:2.1.0] AndroidManifest.xml:105:13-37
217            <intent-filter>
217-->[androidx.work:work-runtime:2.1.0] AndroidManifest.xml:107:13-111:29
218                <action android:name="android.intent.action.BOOT_COMPLETED" />
218-->[androidx.work:work-runtime:2.1.0] AndroidManifest.xml:108:17-79
218-->[androidx.work:work-runtime:2.1.0] AndroidManifest.xml:108:25-76
219                <action android:name="android.intent.action.TIME_SET" />
219-->[androidx.work:work-runtime:2.1.0] AndroidManifest.xml:109:17-73
219-->[androidx.work:work-runtime:2.1.0] AndroidManifest.xml:109:25-70
220                <action android:name="android.intent.action.TIMEZONE_CHANGED" />
220-->[androidx.work:work-runtime:2.1.0] AndroidManifest.xml:110:17-81
220-->[androidx.work:work-runtime:2.1.0] AndroidManifest.xml:110:25-78
221            </intent-filter>
222        </receiver>
223        <receiver
223-->[androidx.work:work-runtime:2.1.0] AndroidManifest.xml:113:9-122:20
224            android:name="androidx.work.impl.background.systemalarm.ConstraintProxyUpdateReceiver"
224-->[androidx.work:work-runtime:2.1.0] AndroidManifest.xml:114:13-99
225            android:directBootAware="false"
225-->[androidx.work:work-runtime:2.1.0] AndroidManifest.xml:115:13-44
226            android:enabled="@bool/enable_system_alarm_service_default"
226-->[androidx.work:work-runtime:2.1.0] AndroidManifest.xml:116:13-72
227            android:exported="false" >
227-->[androidx.work:work-runtime:2.1.0] AndroidManifest.xml:117:13-37
228            <intent-filter>
228-->[androidx.work:work-runtime:2.1.0] AndroidManifest.xml:119:13-121:29
229                <action android:name="androidx.work.impl.background.systemalarm.UpdateProxies" />
229-->[androidx.work:work-runtime:2.1.0] AndroidManifest.xml:120:17-98
229-->[androidx.work:work-runtime:2.1.0] AndroidManifest.xml:120:25-95
230            </intent-filter>
231        </receiver>
232
233        <service
233-->[androidx.room:room-runtime:2.1.0] AndroidManifest.xml:25:9-27:40
234            android:name="androidx.room.MultiInstanceInvalidationService"
234-->[androidx.room:room-runtime:2.1.0] AndroidManifest.xml:26:13-74
235            android:exported="false" />
235-->[androidx.room:room-runtime:2.1.0] AndroidManifest.xml:27:13-37
236    </application>
237
238</manifest>